0 info it worked if it ends with ok
1 verbose cli [ '/Users/olivierriccini/.nvm/versions/node/v10.14.2/bin/node',
1 verbose cli   '/Users/olivierriccini/.nvm/versions/node/v10.14.2/bin/npm',
1 verbose cli   'run',
1 verbose cli   'start-dev' ]
2 info using npm@3.10.10
3 info using node@v10.14.2
4 verbose run-script [ 'prestart-dev', 'start-dev', 'poststart-dev' ]
5 info lifecycle showcase-api@1.0.0~prestart-dev: showcase-api@1.0.0
6 silly lifecycle showcase-api@1.0.0~prestart-dev: no script for prestart-dev, continuing
7 info lifecycle showcase-api@1.0.0~start-dev: showcase-api@1.0.0
8 verbose lifecycle showcase-api@1.0.0~start-dev: unsafe-perm in lifecycle true
9 verbose lifecycle showcase-api@1.0.0~start-dev: PATH: /Users/olivierriccini/.nvm/versions/node/v10.14.2/lib/node_modules/npm/bin/node-gyp-bin:/Users/olivierriccini/code/my-agency/services/showcase-api/node_modules/.bin:/Users/olivierriccini/.nvm/versions/node/v10.14.2/bin:./bin:./node_modules/.bin:/Users/olivierriccini/.rbenv/shims:/Users/olivierriccini/.rbenv/bin:/Library/Frameworks/Python.framework/Versions/3.7/bin:/usr/local/bin:/usr/bin:/bin:/usr/sbin:/sbin:/opt/X11/bin:/usr/local/sbin
10 verbose lifecycle showcase-api@1.0.0~start-dev: CWD: /Users/olivierriccini/code/my-agency/services/showcase-api
11 silly lifecycle showcase-api@1.0.0~start-dev: Args: [ '-c',
11 silly lifecycle   'npm run build && DEBUG=\'server, data-base, http, service, seed, test, DAO\' node dist/app.js' ]
12 silly lifecycle showcase-api@1.0.0~start-dev: Returned: code: 1  signal: null
13 info lifecycle showcase-api@1.0.0~start-dev: Failed to exec start-dev script
14 verbose stack Error: showcase-api@1.0.0 start-dev: `npm run build && DEBUG='server, data-base, http, service, seed, test, DAO' node dist/app.js`
14 verbose stack Exit status 1
14 verbose stack     at EventEmitter.<anonymous> (/Users/olivierriccini/.nvm/versions/node/v10.14.2/lib/node_modules/npm/lib/utils/lifecycle.js:255:16)
14 verbose stack     at EventEmitter.emit (events.js:182:13)
14 verbose stack     at ChildProcess.<anonymous> (/Users/olivierriccini/.nvm/versions/node/v10.14.2/lib/node_modules/npm/lib/utils/spawn.js:40:14)
14 verbose stack     at ChildProcess.emit (events.js:182:13)
14 verbose stack     at maybeClose (internal/child_process.js:962:16)
14 verbose stack     at Process.ChildProcess._handle.onexit (internal/child_process.js:251:5)
15 verbose pkgid showcase-api@1.0.0
16 verbose cwd /Users/olivierriccini/code/my-agency/services/showcase-api
17 error Darwin 18.2.0
18 error argv "/Users/olivierriccini/.nvm/versions/node/v10.14.2/bin/node" "/Users/olivierriccini/.nvm/versions/node/v10.14.2/bin/npm" "run" "start-dev"
19 error node v10.14.2
20 error npm  v3.10.10
21 error code ELIFECYCLE
22 error showcase-api@1.0.0 start-dev: `npm run build && DEBUG='server, data-base, http, service, seed, test, DAO' node dist/app.js`
22 error Exit status 1
23 error Failed at the showcase-api@1.0.0 start-dev script 'npm run build && DEBUG='server, data-base, http, service, seed, test, DAO' node dist/app.js'.
23 error Make sure you have the latest version of node.js and npm installed.
23 error If you do, this is most likely a problem with the showcase-api package,
23 error not with npm itself.
23 error Tell the author that this fails on your system:
23 error     npm run build && DEBUG='server, data-base, http, service, seed, test, DAO' node dist/app.js
23 error You can get information on how to open an issue for this project with:
23 error     npm bugs showcase-api
23 error Or if that isn't available, you can get their info via:
23 error     npm owner ls showcase-api
23 error There is likely additional logging output above.
24 verbose exit [ 1, true ]
